<?xml version="1.0" encoding="UTF-8" ?>
<testsuite tests="4" failures="0" name="com.njuse.seecjvm.InterpreterTest" time="1.336" errors="1" skipped="0">
  <properties>
[...]
</properties>
  <testcase classname="com.njuse.seecjvm.InterpreterTest" name="testConditions" time="0.756"/>
  <testcase classname="com.njuse.seecjvm.InterpreterTest" name="testJmp" time="0.167"/>
  <testcase classname="com.njuse.seecjvm.InterpreterTest" name="testMath" time="0.248"/>
  <testcase classname="com.njuse.seecjvm.InterpreterTest" name="testConversion" time="0.165">
    <error type="java.lang.RuntimeException">java.lang.RuntimeException
	at com.njuse.seecjvm.instructions.invoke.INVOKE_STATIC.execute(INVOKE_STATIC.java:33)
	at com.njuse.seecjvm.execution.Interpreter.loop(Interpreter.java:56)
	at com.njuse.seecjvm.execution.Interpreter.interpret(Interpreter.java:22)
	at com.njuse.seecjvm.InterpreterTest.execTest(InterpreterTest.java:58)
	at com.njuse.seecjvm.InterpreterTest.testConversion(InterpreterTest.java:45)
	at sun.reflect.NativeMethodAccessorImpl.invoke0(Native Method)
	at sun.reflect.NativeMethodAccessorImpl.invoke(NativeMethodAccessorImpl.java:62)
	at sun.reflect.DelegatingMethodAccessorImpl.invoke(DelegatingMethodAccessorImpl.java:43)
	at java.lang.reflect.Method.invoke(Method.java:498)
	at org.junit.runners.model.FrameworkMethod$1.runReflectiveCall(FrameworkMethod.java:50)
	at org.junit.internal.runners.model.ReflectiveCallable.run(ReflectiveCallable.java:12)
	at org.junit.runners.model.FrameworkMethod.invokeExplosively(FrameworkMethod.java:47)
	at org.junit.internal.runners.statements.InvokeMethod.evaluate(InvokeMethod.java:17)
	at org.junit.internal.runners.statements.RunBefores.evaluate(RunBefores.java:26)
	at org.junit.runners.ParentRunner.runLeaf(ParentRunner.java:325)
	at org.junit.runners.BlockJUnit4ClassRunner.runChild(BlockJUnit4ClassRunner.java:78)
	at org.junit.runners.BlockJUnit4ClassRunner.runChild(BlockJUnit4ClassRunner.java:57)
	at org.junit.runners.ParentRunner$3.run(ParentRunner.java:290)
	at org.junit.runners.ParentRunner$1.schedule(ParentRunner.java:71)
	at org.junit.runners.ParentRunner.runChildren(ParentRunner.java:288)
	at org.junit.runners.ParentRunner.access$000(ParentRunner.java:58)
	at org.junit.runners.ParentRunner$2.evaluate(ParentRunner.java:268)
	at org.junit.runners.ParentRunner.run(ParentRunner.java:363)
	at org.apache.maven.surefire.junit4.JUnit4Provider.execute(JUnit4Provider.java:252)
	at org.apache.maven.surefire.junit4.JUnit4Provider.executeTestSet(JUnit4Provider.java:141)
	at org.apache.maven.surefire.junit4.JUnit4Provider.invoke(JUnit4Provider.java:112)
	at sun.reflect.NativeMethodAccessorImpl.invoke0(Native Method)
	at sun.reflect.NativeMethodAccessorImpl.invoke(NativeMethodAccessorImpl.java:62)
	at sun.reflect.DelegatingMethodAccessorImpl.invoke(DelegatingMethodAccessorImpl.java:43)
	at java.lang.reflect.Method.invoke(Method.java:498)
	at org.apache.maven.surefire.util.ReflectionUtils.invokeMethodWithArray(ReflectionUtils.java:189)
	at org.apache.maven.surefire.booter.ProviderFactory$ProviderProxy.invoke(ProviderFactory.java:165)
	at org.apache.maven.surefire.booter.ProviderFactory.invokeProvider(ProviderFactory.java:85)
	at org.apache.maven.surefire.booter.ForkedBooter.runSuitesInProcess(ForkedBooter.java:115)
	at org.apache.maven.surefire.booter.ForkedBooter.main(ForkedBooter.java:75)
</error>
    <system-out>After LDC exec:
&amp;#27;[33m    Methods in current thread:&amp;#27;[0m
    ConversionTest : main

&amp;#27;[33m    Contents in operand stack:&amp;#27;[0m
    value = 1082088489

&amp;#27;[33m    Contents in local var:&amp;#27;[0m

&amp;#27;[36mNext frame doesn&apos;t change.Method is still ConversionTest : main&amp;#27;[0m
&amp;#27;[34m----------------------------------------------------------------------&amp;#27;[0m
After LDC2_W exec:
&amp;#27;[33m    Methods in current thread:&amp;#27;[0m
    ConversionTest : main

&amp;#27;[33m    Contents in operand stack:&amp;#27;[0m
    value = 1082088489
    value = 515396076
    value = 1074785157

&amp;#27;[33m    Contents in local var:&amp;#27;[0m

&amp;#27;[36mNext frame doesn&apos;t change.Method is still ConversionTest : main&amp;#27;[0m
&amp;#27;[34m----------------------------------------------------------------------&amp;#27;[0m
After LDC2_W exec:
&amp;#27;[33m    Methods in current thread:&amp;#27;[0m
    ConversionTest : main

&amp;#27;[33m    Contents in operand stack:&amp;#27;[0m
    value = 1082088489
    value = 515396076
    value = 1074785157
    value = 0
    value = 1105199104

&amp;#27;[33m    Contents in local var:&amp;#27;[0m

&amp;#27;[36mNext frame doesn&apos;t change.Method is still ConversionTest : main&amp;#27;[0m
&amp;#27;[34m----------------------------------------------------------------------&amp;#27;[0m
After LDC exec:
&amp;#27;[33m    Methods in current thread:&amp;#27;[0m
    ConversionTest : main

&amp;#27;[33m    Contents in operand stack:&amp;#27;[0m
    value = 1082088489
    value = 515396076
    value = 1074785157
    value = 0
    value = 1105199104
    value = 1325400064

&amp;#27;[33m    Contents in local var:&amp;#27;[0m

&amp;#27;[36mNext frame doesn&apos;t change.Method is still ConversionTest : main&amp;#27;[0m
&amp;#27;[34m----------------------------------------------------------------------&amp;#27;[0m
After INVOKE_STATIC exec:
&amp;#27;[33m    Methods in current thread:&amp;#27;[0m
    ConversionTest : main

&amp;#27;[33m    Contents in operand stack:&amp;#27;[0m
    value = 1082088489
    value = 515396076
    value = 1074785157
    value = 0
    value = 1105199104
    value = 1325400064

&amp;#27;[33m    Contents in local var:&amp;#27;[0m

&amp;#27;[36mNext frame doesn&apos;t change.Method is still ConversionTest : main&amp;#27;[0m
&amp;#27;[34m----------------------------------------------------------------------&amp;#27;[0m
After INVOKE_STATIC exec:
&amp;#27;[33m    Methods in current thread:&amp;#27;[0m
    ConversionTest : main
    ConversionTest : test

&amp;#27;[33m    Contents in operand stack:&amp;#27;[0m

&amp;#27;[33m    Contents in local var:&amp;#27;[0m

&amp;#27;[31mNext frame changed.Method is ConversionTest : test&amp;#27;[0m
&amp;#27;[34m----------------------------------------------------------------------&amp;#27;[0m
After DLOAD_N exec:
&amp;#27;[33m    Methods in current thread:&amp;#27;[0m
    ConversionTest : main
    ConversionTest : test

&amp;#27;[33m    Contents in operand stack:&amp;#27;[0m
    value = 515396076
    value = 1074785157

&amp;#27;[33m    Contents in local var:&amp;#27;[0m
    value = 1082088489
    value = 515396076
    value = 1074785157
    value = 0
    value = 1105199104
    value = 1325400064

&amp;#27;[36mNext frame doesn&apos;t change.Method is still ConversionTest : test&amp;#27;[0m
&amp;#27;[34m----------------------------------------------------------------------&amp;#27;[0m
After D2F exec:
&amp;#27;[33m    Methods in current thread:&amp;#27;[0m
    ConversionTest : main
    ConversionTest : test

&amp;#27;[33m    Contents in operand stack:&amp;#27;[0m
    value = 1585946632

&amp;#27;[33m    Contents in local var:&amp;#27;[0m
    value = 1082088489
    value = 515396076
    value = 1074785157
    value = 0
    value = 1105199104
    value = 1325400064

&amp;#27;[36mNext frame doesn&apos;t change.Method is still ConversionTest : test&amp;#27;[0m
&amp;#27;[34m----------------------------------------------------------------------&amp;#27;[0m
After FSTORE exec:
&amp;#27;[33m    Methods in current thread:&amp;#27;[0m
    ConversionTest : main
    ConversionTest : test

&amp;#27;[33m    Contents in operand stack:&amp;#27;[0m

&amp;#27;[33m    Contents in local var:&amp;#27;[0m
    value = 1082088489
    value = 515396076
    value = 1074785157
    value = 0
    value = 1105199104
    value = 1325400064
    value = 1585946632

&amp;#27;[36mNext frame doesn&apos;t change.Method is still ConversionTest : test&amp;#27;[0m
&amp;#27;[34m----------------------------------------------------------------------&amp;#27;[0m
After FLOAD_N exec:
&amp;#27;[33m    Methods in current thread:&amp;#27;[0m
    ConversionTest : main
    ConversionTest : test

&amp;#27;[33m    Contents in operand stack:&amp;#27;[0m
    value = 1082088489

&amp;#27;[33m    Contents in local var:&amp;#27;[0m
    value = 1082088489
    value = 515396076
    value = 1074785157
    value = 0
    value = 1105199104
    value = 1325400064
    value = 1585946632

&amp;#27;[36mNext frame doesn&apos;t change.Method is still ConversionTest : test&amp;#27;[0m
&amp;#27;[34m----------------------------------------------------------------------&amp;#27;[0m
After FSTORE exec:
&amp;#27;[33m    Methods in current thread:&amp;#27;[0m
    ConversionTest : main
    ConversionTest : test

&amp;#27;[33m    Contents in operand stack:&amp;#27;[0m

&amp;#27;[33m    Contents in local var:&amp;#27;[0m
    value = 1082088489
    value = 515396076
    value = 1074785157
    value = 0
    value = 1105199104
    value = 1325400064
    value = 1585946632
    value = 1082088489

&amp;#27;[36mNext frame doesn&apos;t change.Method is still ConversionTest : test&amp;#27;[0m
&amp;#27;[34m----------------------------------------------------------------------&amp;#27;[0m
After FLOAD exec:
&amp;#27;[33m    Methods in current thread:&amp;#27;[0m
    ConversionTest : main
    ConversionTest : test

&amp;#27;[33m    Contents in operand stack:&amp;#27;[0m
    value = 1585946632

&amp;#27;[33m    Contents in local var:&amp;#27;[0m
    value = 1082088489
    value = 515396076
    value = 1074785157
    value = 0
    value = 1105199104
    value = 1325400064
    value = 1585946632
    value = 1082088489

&amp;#27;[36mNext frame doesn&apos;t change.Method is still ConversionTest : test&amp;#27;[0m
&amp;#27;[34m----------------------------------------------------------------------&amp;#27;[0m
After FLOAD exec:
&amp;#27;[33m    Methods in current thread:&amp;#27;[0m
    ConversionTest : main
    ConversionTest : test

&amp;#27;[33m    Contents in operand stack:&amp;#27;[0m
    value = 1585946632
    value = 1082088489

&amp;#27;[33m    Contents in local var:&amp;#27;[0m
    value = 1082088489
    value = 515396076
    value = 1074785157
    value = 0
    value = 1105199104
    value = 1325400064
    value = 1585946632
    value = 1082088489

&amp;#27;[36mNext frame doesn&apos;t change.Method is still ConversionTest : test&amp;#27;[0m
&amp;#27;[34m----------------------------------------------------------------------&amp;#27;[0m
</system-out>
  </testcase>
</testsuite>